<?xml version="1.0" encoding="UTF-8"?>
<testng-results ignored="0" total="3" passed="3" failed="0" skipped="0">
  <reporter-output>
  </reporter-output>
  <suite started-at="2023-04-12T16:30:22 IST" name="Suite" finished-at="2023-04-12T16:30:22 IST" duration-ms="73">
    <groups>
    </groups>
    <test started-at="2023-04-12T16:30:22 IST" name="Test" finished-at="2023-04-12T16:30:22 IST" duration-ms="73">
      <class name="jenkins.App">
        <test-method signature="t1()[pri:0, instance:jenkins.App@56cdfb3b]" started-at="2023-04-12T16:30:22 IST" name="t1" finished-at="2023-04-12T16:30:22 IST" duration-ms="7" status="PASS">
          <reporter-output>
          </reporter-output>
        </test-method> <!-- t1 -->
        <test-method signature="t2()[pri:0, instance:jenkins.App@56cdfb3b]" started-at="2023-04-12T16:30:22 IST" name="t2" finished-at="2023-04-12T16:30:22 IST" duration-ms="1" status="PASS">
          <reporter-output>
          </reporter-output>
        </test-method> <!-- t2 -->
        <test-method signature="t3()[pri:0, instance:jenkins.App@56cdfb3b]" started-at="2023-04-12T16:30:22 IST" name="t3" finished-at="2023-04-12T16:30:22 IST" duration-ms="1" status="PASS">
          <reporter-output>
          </reporter-output>
        </test-method> <!-- t3 -->
      </class> <!-- jenkins.App -->
    </test> <!-- Test -->
  </suite> <!-- Suite -->
</testng-results>
